2025-09-22 00:55:09,854 - INFO - Privacy Guard initialized
2025-09-22 00:55:17,092 - INFO - Camera 1 initialized successfully
2025-09-22 00:55:17,092 - INFO - Privacy Guard monitoring started
2025-09-22 00:55:17,541 - WARNING - Privacy breach detected! (Count: 1)
2025-09-22 00:55:17,541 - INFO - Snapshot saved: snapshots/breach_20250922_005517.jpg
2025-09-22 00:55:17,762 - INFO - Minimized windows: 6 windows
2025-09-22 00:55:23,528 - WARNING - Privacy breach detected! (Count: 2)
2025-09-22 00:55:23,534 - INFO - Snapshot saved: snapshots/breach_20250922_005523.jpg
2025-09-22 00:55:23,590 - INFO - Minimized windows: 7 windows
2025-09-22 00:55:28,561 - WARNING - Privacy breach detected! (Count: 3)
2025-09-22 00:55:28,561 - INFO - Snapshot saved: snapshots/breach_20250922_005528.jpg
2025-09-22 00:55:28,704 - INFO - Minimized windows: 7 windows
2025-09-22 00:55:36,273 - INFO - Privacy Guard stopped. Uptime: 0:00:26.418948, Detections: 3
2025-09-22 00:55:50,529 - INFO - Privacy Guard initialized
2025-09-22 00:55:57,762 - INFO - Camera 1 initialized successfully
2025-09-22 00:55:57,762 - INFO - Privacy Guard monitoring started
2025-09-22 00:55:58,208 - WARNING - Privacy breach detected! (Count: 1)
2025-09-22 00:55:58,208 - INFO - Snapshot saved: snapshots/breach_20250922_005558.jpg
2025-09-22 00:55:58,288 - INFO - Minimized windows: 7 windows
2025-09-22 00:56:02,249 - INFO - Privacy Guard stopped. Uptime: 0:00:11.719452, Detections: 1
2025-09-22 00:56:07,160 - INFO - Privacy Guard initialized
2025-09-22 00:56:07,290 - INFO - Camera 0 initialized successfully
2025-09-22 00:56:07,290 - INFO - Privacy Guard monitoring started
2025-09-22 00:56:07,322 - WARNING - Privacy breach detected! (Count: 1)
2025-09-22 00:56:07,327 - INFO - Snapshot saved: snapshots/breach_20250922_005607.jpg
2025-09-22 00:56:07,450 - INFO - Minimized windows: 8 windows
2025-09-22 01:44:30,949 - INFO - Privacy Guard initialized
2025-09-22 01:44:31,159 - INFO - Camera 0 initialized successfully
2025-09-22 01:44:31,159 - INFO - Privacy Guard monitoring started
2025-09-22 01:44:31,218 - WARNING - Privacy breach detected! (Count: 1)
2025-09-22 01:44:31,222 - INFO - Snapshot saved: snapshots/breach_20250922_014431.jpg
2025-09-22 01:44:31,349 - INFO - Minimized windows: 6 windows
2025-09-22 01:44:37,602 - WARNING - Privacy breach detected! (Count: 2)
2025-09-22 01:44:37,609 - INFO - Snapshot saved: snapshots/breach_20250922_014437.jpg
2025-09-22 01:44:37,676 - INFO - Minimized windows: 8 windows
2025-09-22 01:44:53,295 - WARNING - Privacy breach detected! (Count: 3)
2025-09-22 01:44:53,299 - INFO - Snapshot saved: snapshots/breach_20250922_014453.jpg
2025-09-22 01:44:53,399 - INFO - Minimized windows: 7 windows
2025-09-22 01:44:58,328 - WARNING - Privacy breach detected! (Count: 4)
2025-09-22 01:44:58,344 - INFO - Snapshot saved: snapshots/breach_20250922_014458.jpg
2025-09-22 01:44:58,370 - INFO - Minimized windows: 7 windows
2025-09-22 01:45:03,361 - WARNING - Privacy breach detected! (Count: 5)
2025-09-22 01:45:03,377 - INFO - Snapshot saved: snapshots/breach_20250922_014503.jpg
2025-09-22 01:45:03,405 - INFO - Minimized windows: 7 windows
2025-09-22 01:45:08,391 - WARNING - Privacy breach detected! (Count: 6)
2025-09-22 01:45:08,401 - INFO - Snapshot saved: snapshots/breach_20250922_014508.jpg
2025-09-22 01:45:08,419 - INFO - Minimized windows: 7 windows
2025-09-22 01:45:15,112 - WARNING - Privacy breach detected! (Count: 7)
2025-09-22 01:45:15,122 - INFO - Snapshot saved: snapshots/breach_20250922_014515.jpg
2025-09-22 01:45:15,138 - INFO - Minimized windows: 7 windows
2025-09-22 01:45:21,516 - WARNING - Privacy breach detected! (Count: 8)
2025-09-22 01:45:21,527 - INFO - Snapshot saved: snapshots/breach_20250922_014521.jpg
2025-09-22 01:45:21,552 - INFO - Minimized windows: 7 windows
2025-09-22 01:45:26,547 - WARNING - Privacy breach detected! (Count: 9)
2025-09-22 01:45:26,553 - INFO - Snapshot saved: snapshots/breach_20250922_014526.jpg
2025-09-22 01:45:26,586 - INFO - Minimized windows: 7 windows
2025-09-22 01:45:31,591 - WARNING - Privacy breach detected! (Count: 10)
2025-09-22 01:45:31,599 - INFO - Snapshot saved: snapshots/breach_20250922_014531.jpg
2025-09-22 01:45:31,634 - INFO - Minimized windows: 7 windows
2025-09-22 01:45:37,323 - WARNING - Privacy breach detected! (Count: 11)
2025-09-22 01:45:37,339 - INFO - Snapshot saved: snapshots/breach_20250922_014537.jpg
2025-09-22 01:45:37,355 - INFO - Minimized windows: 7 windows
2025-09-22 01:45:42,910 - WARNING - Privacy breach detected! (Count: 12)
2025-09-22 01:45:42,924 - INFO - Snapshot saved: snapshots/breach_20250922_014542.jpg
2025-09-22 01:45:42,946 - INFO - Minimized windows: 7 windows
2025-09-22 01:45:47,941 - WARNING - Privacy breach detected! (Count: 13)
2025-09-22 01:45:47,955 - INFO - Snapshot saved: snapshots/breach_20250922_014547.jpg
2025-09-22 01:45:47,984 - INFO - Minimized windows: 7 windows
2025-09-22 01:45:53,823 - WARNING - Privacy breach detected! (Count: 14)
2025-09-22 01:45:53,829 - INFO - Snapshot saved: snapshots/breach_20250922_014553.jpg
2025-09-22 01:45:53,872 - INFO - Minimized windows: 7 windows
2025-09-22 01:45:58,839 - WARNING - Privacy breach detected! (Count: 15)
2025-09-22 01:45:58,851 - INFO - Snapshot saved: snapshots/breach_20250922_014558.jpg
2025-09-22 01:45:58,861 - INFO - Minimized windows: 7 windows
2025-09-22 01:46:06,779 - WARNING - Privacy breach detected! (Count: 16)
2025-09-22 01:46:06,787 - INFO - Snapshot saved: snapshots/breach_20250922_014606.jpg
2025-09-22 01:46:06,817 - INFO - Minimized windows: 7 windows
2025-09-22 01:46:11,819 - WARNING - Privacy breach detected! (Count: 17)
2025-09-22 01:46:11,819 - INFO - Snapshot saved: snapshots/breach_20250922_014611.jpg
2025-09-22 01:46:11,849 - INFO - Minimized windows: 7 windows
2025-09-22 01:46:16,821 - WARNING - Privacy breach detected! (Count: 18)
2025-09-22 01:46:16,829 - INFO - Snapshot saved: snapshots/breach_20250922_014616.jpg
2025-09-22 01:46:16,845 - INFO - Minimized windows: 7 windows
2025-09-22 01:46:21,846 - WARNING - Privacy breach detected! (Count: 19)
2025-09-22 01:46:21,855 - INFO - Snapshot saved: snapshots/breach_20250922_014621.jpg
2025-09-22 01:46:21,881 - INFO - Minimized windows: 7 windows
2025-09-22 01:46:26,887 - WARNING - Privacy breach detected! (Count: 20)
2025-09-22 01:46:26,891 - INFO - Snapshot saved: snapshots/breach_20250922_014626.jpg
2025-09-22 01:46:26,907 - INFO - Minimized windows: 7 windows
2025-09-22 01:46:32,077 - WARNING - Privacy breach detected! (Count: 21)
2025-09-22 01:46:32,092 - INFO - Snapshot saved: snapshots/breach_20250922_014632.jpg
2025-09-22 01:46:32,111 - INFO - Minimized windows: 7 windows
2025-09-22 01:46:53,250 - WARNING - Privacy breach detected! (Count: 22)
2025-09-22 01:46:53,258 - INFO - Snapshot saved: snapshots/breach_20250922_014653.jpg
2025-09-22 01:46:53,290 - INFO - Minimized windows: 7 windows
2025-09-22 01:46:58,279 - WARNING - Privacy breach detected! (Count: 23)
2025-09-22 01:46:58,279 - INFO - Snapshot saved: snapshots/breach_20250922_014658.jpg
2025-09-22 01:46:58,315 - INFO - Minimized windows: 7 windows
2025-09-22 01:48:12,446 - WARNING - Privacy breach detected! (Count: 24)
2025-09-22 01:48:12,459 - INFO - Snapshot saved: snapshots/breach_20250922_014812.jpg
2025-09-22 01:48:12,522 - INFO - Minimized windows: 6 windows
2025-09-22 01:48:17,457 - WARNING - Privacy breach detected! (Count: 25)
2025-09-22 01:48:17,468 - INFO - Snapshot saved: snapshots/breach_20250922_014817.jpg
2025-09-22 01:48:17,527 - INFO - Minimized windows: 7 windows
2025-09-22 01:48:22,478 - WARNING - Privacy breach detected! (Count: 26)
2025-09-22 01:48:22,486 - INFO - Snapshot saved: snapshots/breach_20250922_014822.jpg
2025-09-22 01:48:22,501 - INFO - Minimized windows: 7 windows
2025-09-22 01:48:27,538 - WARNING - Privacy breach detected! (Count: 27)
2025-09-22 01:48:27,538 - INFO - Snapshot saved: snapshots/breach_20250922_014827.jpg
2025-09-22 01:48:27,587 - INFO - Minimized windows: 7 windows
2025-09-22 01:50:52,484 - INFO - Privacy Guard initialized
2025-09-22 01:50:52,810 - INFO - Camera 0 initialized successfully
2025-09-22 01:50:52,811 - INFO - Privacy Guard monitoring started
2025-09-22 01:50:52,959 - WARNING - Privacy breach detected! (Count: 1)
2025-09-22 01:50:52,966 - INFO - Snapshot saved: snapshots/breach_20250922_015052.jpg
2025-09-22 01:50:53,198 - INFO - Closed applications: AC4BFSP.exe
2025-09-22 01:50:53,202 - INFO - Minimized windows: 6 windows
2025-09-22 03:32:57,667 - WARNING - Privacy breach detected! (Count: 2)
2025-09-22 03:32:57,679 - INFO - Snapshot saved: snapshots/breach_20250922_033257.jpg
2025-09-22 03:32:57,748 - INFO - Minimized windows: 6 windows
2025-09-22 03:33:02,680 - WARNING - Privacy breach detected! (Count: 3)
2025-09-22 03:33:02,686 - INFO - Snapshot saved: snapshots/breach_20250922_033302.jpg
2025-09-22 03:33:02,716 - INFO - Minimized windows: 6 windows
2025-09-22 03:33:07,706 - WARNING - Privacy breach detected! (Count: 4)
2025-09-22 03:33:07,716 - INFO - Snapshot saved: snapshots/breach_20250922_033307.jpg
2025-09-22 03:33:07,746 - INFO - Minimized windows: 5 windows
2025-09-22 03:35:47,507 - INFO - Monitoring stopped by user
2025-09-22 03:35:47,539 - INFO - Privacy Guard stopped. Uptime: 1:44:55.054910, Detections: 4
